<?xml version="1.0" encoding="UTF-8"?>
<testsuite xmlns:xsi="http://www.w3.org/2001/XMLSchema-instance" xsi:noNamespaceSchemaLocation="https://maven.apache.org/surefire/maven-surefire-plugin/xsd/surefire-test-report.xsd" version="3.0.2" name="org.jsp.ekart.EkartApplicationTests" time="7.378" tests="1" errors="0" skipped="0" failures="0">
  <properties>
[...]
</properties>
  <testcase name="contextLoads" classname="org.jsp.ekart.EkartApplicationTests" time="0.556">
    <system-out><![CDATA[13:44:23.145 [main] INFO org.springframework.test.context.support.AnnotationConfigContextLoaderUtils -- Could not detect default configuration classes for test class [org.jsp.ekart.EkartApplicationTests]: EkartApplicationTests does not declare any static, non-private, non-final, nested classes annotated with @Configuration.
13:44:23.325 [main] INFO org.springframework.boot.test.context.SpringBootTestContextBootstrapper -- Found @SpringBootConfiguration org.jsp.ekart.EkartApplication for test class org.jsp.ekart.EkartApplicationTests
13:44:23.557 [main] INFO org.springframework.boot.devtools.restart.RestartApplicationListener -- Restart disabled due to context in which it is running

  .   ____          _            __ _ _
 /\\ / ___'_ __ _ _(_)_ __  __ _ \ \ \ \
( ( )\___ | '_ | '_| | '_ \/ _` | \ \ \ \
 \\/  ___)| |_)| | | | | || (_| |  ) ) ) )
  '  |____| .__|_| |_|_| |_\__, | / / / /
 =========|_|==============|___/=/_/_/_/

 :: Spring Boot ::                (v3.4.0)

2025-02-27T13:44:23.867+05:30  WARN 19900 --- [ekart] [           main] ory$DuplicateJsonObjectContextCustomizer : 

Found multiple occurrences of org.json.JSONObject on the class path:

	jar:file:/C:/Users/Revanth%20L/.m2/repository/org/json/json/20231013/json-20231013.jar!/org/json/JSONObject.class
	jar:file:/C:/Users/Revanth%20L/.m2/repository/com/vaadin/external/google/android-json/0.0.20131108.vaadin1/android-json-0.0.20131108.vaadin1.jar!/org/json/JSONObject.class

You may wish to exclude one of them to ensure predictable runtime behavior

2025-02-27T13:44:23.907+05:30  INFO 19900 --- [ekart] [           main] org.jsp.ekart.EkartApplicationTests      : Starting EkartApplicationTests using Java 17.0.12 with PID 19900 (started by Revanth L in C:\Users\Revanth L\OneDrive\Documents\GitHub\ekart)
2025-02-27T13:44:23.908+05:30  INFO 19900 --- [ekart] [           main] org.jsp.ekart.EkartApplicationTests      : No active profile set, falling back to 1 default profile: "default"
2025-02-27T13:44:24.861+05:30  INFO 19900 --- [ekart] [           main] .s.d.r.c.RepositoryConfigurationDelegate : Bootstrapping Spring Data JPA repositories in DEFAULT mode.
2025-02-27T13:44:24.959+05:30  INFO 19900 --- [ekart] [           main] .s.d.r.c.RepositoryConfigurationDelegate : Finished Spring Data repository scanning in 80 ms. Found 5 JPA repository interfaces.
2025-02-27T13:44:25.557+05:30  INFO 19900 --- [ekart] [           main] o.hibernate.jpa.internal.util.LogHelper  : HHH000204: Processing PersistenceUnitInfo [name: default]
2025-02-27T13:44:25.682+05:30  INFO 19900 --- [ekart] [           main] org.hibernate.Version                    : HHH000412: Hibernate ORM core version 6.6.2.Final
2025-02-27T13:44:25.748+05:30  INFO 19900 --- [ekart] [           main] o.h.c.internal.RegionFactoryInitiator    : HHH000026: Second-level cache disabled
2025-02-27T13:44:26.237+05:30  INFO 19900 --- [ekart] [           main] o.s.o.j.p.SpringPersistenceUnitInfo      : No LoadTimeWeaver setup: ignoring JPA class transformer
2025-02-27T13:44:26.279+05:30  INFO 19900 --- [ekart] [           main] com.zaxxer.hikari.HikariDataSource       : HikariPool-1 - Starting...
2025-02-27T13:44:26.718+05:30  INFO 19900 --- [ekart] [           main] com.zaxxer.hikari.pool.HikariPool        : HikariPool-1 - Added connection com.mysql.cj.jdbc.ConnectionImpl@46894dc5
2025-02-27T13:44:26.721+05:30  INFO 19900 --- [ekart] [           main] com.zaxxer.hikari.HikariDataSource       : HikariPool-1 - Start completed.
2025-02-27T13:44:26.845+05:30  INFO 19900 --- [ekart] [           main] org.hibernate.orm.connections.pooling    : HHH10001005: Database info:
	Database JDBC URL [Connecting through datasource 'HikariDataSource (HikariPool-1)']
	Database driver: undefined/unknown
	Database version: 8.0.35
	Autocommit mode: undefined/unknown
	Isolation level: undefined/unknown
	Minimum pool size: undefined/unknown
	Maximum pool size: undefined/unknown
2025-02-27T13:44:28.385+05:30  INFO 19900 --- [ekart] [           main] o.h.e.t.j.p.i.JtaPlatformInitiator       : HHH000489: No JTA platform available (set 'hibernate.transaction.jta.platform' to enable JTA platform integration)
2025-02-27T13:44:28.521+05:30  INFO 19900 --- [ekart] [           main] j.LocalContainerEntityManagerFactoryBean : Initialized JPA EntityManagerFactory for persistence unit 'default'
2025-02-27T13:44:29.177+05:30  WARN 19900 --- [ekart] [           main] JpaBaseConfiguration$JpaWebConfiguration : spring.jpa.open-in-view is enabled by default. Therefore, database queries may be performed during view rendering. Explicitly configure spring.jpa.open-in-view to disable this warning
2025-02-27T13:44:29.641+05:30  INFO 19900 --- [ekart] [           main] org.jsp.ekart.EkartApplicationTests      : Started EkartApplicationTests in 6.099 seconds (process running for 7.864)
]]></system-out>
  </testcase>
</testsuite>